<?xml version="1.0" encoding="UTF-8"?>
<!-- Generated by org.testng.reporters.JUnitXMLReporter -->
<testsuite ignored="0" hostname="LAPTOP-5RVEOITO" failures="0" tests="3" name="Default test" time="27.142" errors="0" timestamp="2025-03-14T10:50:44 IST">
  <testcase classname="TestScripts.CreateOrganizationTestScript" name="createOrganizationMethod" time="7.687"/>
  <testcase classname="TestScripts.CreateOrganizationTestScript" name="createOrganizationWithIndustry" time="5.796"/>
  <testcase classname="TestScripts.CreateOrganizationTestScript" name="createOrganizationWithIndustryAndPhone" time="5.976"/>
</testsuite> <!-- Default test -->
