<?xml version="1.0" encoding="UTF-8"?>
<!-- Generated by org.testng.reporters.JUnitXMLReporter -->
<testsuite ignored="0" hostname="LAPTOP-5RVEOITO" failures="0" tests="5" name="Test" time="189.79" errors="0" timestamp="2025-03-15T09:09:53 IST">
  <testcase classname="TestScripts.CreateOrganizationTestScript" name="createOrganizationMethod" time="23.901"/>
  <testcase classname="TestScripts.CreateOrganizationTestScript" name="createOrganizationWithIndustry" time="23.712"/>
  <testcase classname="TestScripts.CreateOrganizationTestScript" name="createOrganizationWithIndustryAndPhone" time="24.701"/>
  <testcase classname="TestScripts.CreateContactScript" name="createContactWithDateandLastName" time="37.187"/>
  <testcase classname="TestScripts.CreateContactScript" name="createContactWithLastName" time="24.243"/>
</testsuite> <!-- Test -->
